[24Aug2024 00:00:44.195] [Server thread/INFO] [net.minecraft.server.MinecraftServer/]: [B3njaxx_11: Teleported EL_banano003 to B3njaxx_11]
[24Aug2024 00:01:00.495] [Server thread/INFO] [net.minecraft.server.MinecraftServer/]: B3njaxx_11 has made the advancement [What a Deal!]
[24Aug2024 00:01:02.338] [Server thread/INFO] [net.minecraft.server.MinecraftServer/]: EL_banano003 was forgotten.
[24Aug2024 00:01:02.639] [Server thread/INFO] [net.minecraft.server.MinecraftServer/]: [Not Secure] <EL_banano003> d-
[24Aug2024 00:01:16.687] [Server thread/INFO] [net.minecraft.server.network.ServerGamePacketListenerImpl/]: EL_banano003 lost connection: Disconnected
[24Aug2024 00:01:16.687] [Server thread/INFO] [net.minecraft.server.MinecraftServer/]: EL_banano003 left the game
[24Aug2024 00:01:25.262] [Server thread/INFO] [net.minecraft.server.players.PlayerList/]: EL_banano003[/127.151.171.252:59731] logged in with entity id 31520 at (902.5, 127.125, 130.5)
[24Aug2024 00:01:25.280] [Server thread/INFO] [net.minecraft.server.MinecraftServer/]: EL_banano003 joined the game
[24Aug2024 00:01:25.298] [Server thread/INFO] [fallingtrees | Config/]: Sending common config 'fallingtrees:fallingtrees_common' to EL_banano003
[24Aug2024 00:01:25.598] [Netty Epoll Server IO #1/INFO] [fallingtrees | Config/]: Received client config 'fallingtrees:fallingtrees_client' from EL_banano003
[24Aug2024 00:02:02.187] [Server thread/INFO] [net.minecraft.server.MinecraftServer/]: EL_banano003 has made the advancement [Oooruk]
[24Aug2024 00:06:31.865] [Server thread/INFO] [net.minecraft.server.MinecraftServer/]: [B3njaxx_11: Set own game mode to Creative Mode]
[24Aug2024 00:06:37.947] [Server thread/INFO] [net.minecraft.server.MinecraftServer/]: [B3njaxx_11: Set own game mode to Survival Mode]
[24Aug2024 00:06:50.490] [Server thread/INFO] [net.minecraft.world.entity.LivingEntity/]: Named entity GhostPlayerEntity['EL_banano003'/31529, l='ServerLevel[world]', x=891.50, y=99.00, z=161.04] died: EL_banano003 was slain by EL_banano003
[24Aug2024 00:09:14.245] [Server thread/INFO] [net.minecraft.server.MinecraftServer/]: EL_banano003 was slain by B3njaxx_11
[24Aug2024 00:09:28.438] [Server thread/INFO] [net.minecraft.server.MinecraftServer/]: EL_banano003 was slain by B3njaxx_11
[24Aug2024 00:09:36.939] [Server thread/INFO] [net.minecraft.world.entity.LivingEntity/]: Named entity GhostPlayerEntity['EL_banano003'/32036, l='ServerLevel[world]', x=904.27, y=127.00, z=133.79] died: EL_banano003 was slain by EL_banano003
[24Aug2024 00:09:39.320] [Server thread/INFO] [net.minecraft.server.MinecraftServer/]: [B3njaxx_11: Set 1 experience points on EL_banano003]
[24Aug2024 00:09:42.189] [Server thread/INFO] [net.minecraft.world.entity.LivingEntity/]: Named entity GhostPlayerEntity['EL_banano003'/31999, l='ServerLevel[world]', x=895.47, y=129.38, z=136.07] died: EL_banano003 was slain by EL_banano003
[24Aug2024 00:09:48.338] [Server thread/INFO] [net.minecraft.server.MinecraftServer/]: [B3njaxx_11: Set 100 experience levels on EL_banano003]
[24Aug2024 00:09:54.242] [Server thread/INFO] [net.minecraft.server.MinecraftServer/]: [B3njaxx_11: Set 1000000 experience levels on EL_banano003]
[24Aug2024 00:10:00.588] [Server thread/INFO] [net.minecraft.server.MinecraftServer/]: [B3njaxx_11: Set 10 experience levels on EL_banano003]
[24Aug2024 00:10:51.941] [Server thread/INFO] [net.minecraft.server.MinecraftServer/]: [B3njaxx_11: Gave 64 [Emerald Potato of Health] to B3njaxx_11]
[24Aug2024 00:11:00.688] [Server thread/INFO] [net.minecraft.server.MinecraftServer/]: [B3njaxx_11: Gave 1 [Emerald Swallowtail Butterfly Spawn Egg] to B3njaxx_11]
[24Aug2024 00:11:23.565] [Server thread/INFO] [net.minecraft.server.MinecraftServer/]: [B3njaxx_11: Gave 1 [Grimstone Emerald Ore] to B3njaxx_11]
[24Aug2024 00:11:29.940] [Server thread/INFO] [net.minecraft.server.MinecraftServer/]: [B3njaxx_11: Gave 1 [Block of Emerald] to B3njaxx_11]
[24Aug2024 00:11:42.205] [Server thread/INFO] [net.minecraft.server.MinecraftServer/]: EL_banano003 has made the advancement [What a Deal!]
[24Aug2024 00:11:53.999] [Server thread/INFO] [net.minecraft.server.MinecraftServer/]: [B3njaxx_11: Gave 64 [Block of Emerald] to B3njaxx_11]
[24Aug2024 00:13:08.186] [Server thread/INFO] [net.minecraft.server.MinecraftServer/]: EL_banano003 was shot by B3njaxx_11
[24Aug2024 00:13:24.042] [Server thread/INFO] [net.minecraft.world.entity.LivingEntity/]: Named entity GhostPlayerEntity['EL_banano003'/32238, l='ServerLevel[world]', x=898.49, y=127.00, z=135.75] died: EL_banano003 was slain by B3njaxx_11
[24Aug2024 00:14:14.946] [Server thread/INFO] [net.minecraft.server.MinecraftServer/]: EL_banano003 was slain by B3njaxx_11
[24Aug2024 00:14:26.896] [Server thread/INFO] [net.minecraft.server.MinecraftServer/]: EL_banano003 was slain by B3njaxx_11
[24Aug2024 00:16:19.186] [Server thread/INFO] [net.minecraft.server.MinecraftServer/]: EL_banano003 was shot by B3njaxx_11
[24Aug2024 00:16:36.001] [Server thread/WARN] [net.minecraft.server.network.ServerGamePacketListenerImpl/]: EL_banano003 moved wrongly!
[24Aug2024 00:16:50.989] [Server thread/INFO] [net.minecraft.server.MinecraftServer/]: EL_banano003 fell from a high place
[24Aug2024 00:17:13.745] [Server thread/WARN] [net.minecraft.server.network.ServerGamePacketListenerImpl/]: EL_banano003 moved wrongly!
[24Aug2024 00:17:17.202] [Server thread/INFO] [net.minecraft.server.MinecraftServer/]: [EL_banano003: Enabled "magnet" mode for EL_banano003]
[24Aug2024 00:17:23.536] [Server thread/INFO] [net.minecraft.server.MinecraftServer/]: EL_banano003 has made the advancement [Berrily Alive]
[24Aug2024 00:17:46.064] [Server thread/INFO] [net.minecraft.server.MinecraftServer/]: [EL_banano003: Disabled "magnet" mode for EL_banano003]
[24Aug2024 00:17:46.888] [Server thread/INFO] [net.minecraft.server.MinecraftServer/]: [EL_banano003: Enabled "magnet" mode for EL_banano003]
[24Aug2024 00:17:47.239] [Server thread/INFO] [net.minecraft.server.MinecraftServer/]: [EL_banano003: Disabled "magnet" mode for EL_banano003]
[24Aug2024 00:17:47.409] [Server thread/INFO] [net.minecraft.server.MinecraftServer/]: [EL_banano003: Disabled "magnet" mode for EL_banano003]
[24Aug2024 00:17:47.554] [Server thread/INFO] [net.minecraft.server.MinecraftServer/]: [EL_banano003: Enabled "magnet" mode for EL_banano003]
[24Aug2024 00:17:47.706] [Server thread/INFO] [net.minecraft.server.MinecraftServer/]: [EL_banano003: Enabled "magnet" mode for EL_banano003]
[24Aug2024 00:17:47.856] [Server thread/INFO] [net.minecraft.server.MinecraftServer/]: [EL_banano003: Disabled "magnet" mode for EL_banano003]
[24Aug2024 00:17:48.014] [Server thread/INFO] [net.minecraft.server.MinecraftServer/]: [EL_banano003: Disabled "magnet" mode for EL_banano003]
[24Aug2024 00:17:48.190] [Server thread/INFO] [net.minecraft.server.MinecraftServer/]: [EL_banano003: Disabled "magnet" mode for EL_banano003]
[24Aug2024 00:17:48.569] [Server thread/INFO] [net.minecraft.server.MinecraftServer/]: [EL_banano003: Enabled "magnet" mode for EL_banano003]
[24Aug2024 00:17:48.716] [Server thread/INFO] [net.minecraft.server.MinecraftServer/]: [EL_banano003: Enabled "magnet" mode for EL_banano003]
[24Aug2024 00:17:48.842] [Server thread/INFO] [net.minecraft.server.MinecraftServer/]: [EL_banano003: Enabled "magnet" mode for EL_banano003]
[24Aug2024 00:17:50.045] [Server thread/INFO] [net.minecraft.server.MinecraftServer/]: EL_banano003 was slain by B3njaxx_11
[24Aug2024 00:18:06.245] [Server thread/INFO] [net.minecraft.server.MinecraftServer/]: [B3njaxx_11: Set own game mode to Spectator Mode]
[24Aug2024 00:18:09.840] [Server thread/INFO] [net.minecraft.server.MinecraftServer/]: [Not Secure] <B3njaxx_11> aa
[24Aug2024 00:18:13.109] [Server thread/INFO] [net.minecraft.server.MinecraftServer/]: [B3njaxx_11: Set own game mode to Survival Mode]
[24Aug2024 00:19:32.410] [Server thread/INFO] [net.minecraft.world.entity.LivingEntity/]: Named entity GhostPlayerEntity['EL_banano003'/32369, l='ServerLevel[world]', x=897.44, y=127.54, z=141.48] died: EL_banano003 was slain by B3njaxx_11
[24Aug2024 00:19:35.246] [Server thread/INFO] [net.minecraft.world.entity.LivingEntity/]: Named entity GhostPlayerEntity['EL_banano003'/32499, l='ServerLevel[world]', x=901.75, y=129.00, z=144.51] died: EL_banano003 was slain by B3njaxx_11
[24Aug2024 00:19:39.746] [Server thread/INFO] [net.minecraft.server.MinecraftServer/]: EL_banano003 was slain by B3njaxx_11
[24Aug2024 00:19:52.841] [Server thread/INFO] [net.minecraft.server.MinecraftServer/]: EL_banano003 was slain by B3njaxx_11
[24Aug2024 00:19:54.602] [Server thread/WARN] [net.minecraft.server.level.ServerPlayerGameMode/]: Mismatch in destroy block pos: BlockPos{x=0, y=0, z=0} BlockPos{x=894, y=129, z=135}
[24Aug2024 00:20:00.551] [Server thread/INFO] [net.minecraft.server.MinecraftServer/]: EL_banano003 was slain by B3njaxx_11
[24Aug2024 00:20:05.695] [Server thread/INFO] [net.minecraft.server.MinecraftServer/]: EL_banano003 was slain by B3njaxx_11
[24Aug2024 00:20:13.246] [Server thread/INFO] [net.minecraft.world.entity.LivingEntity/]: Named entity GhostPlayerEntity['EL_banano003'/32829, l='ServerLevel[world]', x=900.04, y=128.18, z=138.49] died: EL_banano003 was slain by B3njaxx_11
[24Aug2024 00:20:16.049] [Server thread/INFO] [net.minecraft.world.entity.LivingEntity/]: Named entity GhostPlayerEntity['EL_banano003'/32830, l='ServerLevel[world]', x=896.49, y=127.82, z=136.70] died: EL_banano003 was slain by B3njaxx_11
[24Aug2024 00:20:22.589] [Server thread/INFO] [net.minecraft.world.entity.LivingEntity/]: Named entity GhostPlayerEntity['EL_banano003'/32850, l='ServerLevel[world]', x=892.29, y=105.00, z=135.30] died: EL_banano003 was doomed to fall by B3njaxx_11
[24Aug2024 00:20:31.446] [Server thread/INFO] [net.minecraft.world.entity.LivingEntity/]: Named entity GhostPlayerEntity['EL_banano003'/32862, l='ServerLevel[world]', x=900.70, y=129.25, z=138.86] died: EL_banano003 was slain by B3njaxx_11
[24Aug2024 00:21:37.544] [Server thread/WARN] [net.minecraft.server.network.ServerGamePacketListenerImpl/]: B3njaxx_11 moved wrongly!
[24Aug2024 00:21:44.750] [Server thread/INFO] [net.minecraft.server.MinecraftServer/]: EL_banano003 was slain by B3njaxx_11
[24Aug2024 00:22:02.888] [Server thread/INFO] [net.minecraft.server.MinecraftServer/]: [B3njaxx_11: Set 100 experience levels on B3njaxx_11]
[24Aug2024 00:22:17.165] [Server thread/INFO] [net.minecraft.server.MinecraftServer/]: B3njaxx_11 has made the advancement [Enchanter]
[24Aug2024 00:22:45.142] [Server thread/INFO] [net.minecraft.server.MinecraftServer/]: [B3njaxx_11: Applied enchantment Sharpness V to B3njaxx_11's item]
[24Aug2024 00:22:50.738] [Server thread/INFO] [net.minecraft.server.MinecraftServer/]: [B3njaxx_11: Applied enchantment Looting III to B3njaxx_11's item]
[24Aug2024 00:22:52.890] [Server thread/INFO] [net.minecraft.server.MinecraftServer/]: EL_banano003 was slain by B3njaxx_11
[24Aug2024 00:23:17.787] [Server thread/INFO] [net.minecraft.server.MinecraftServer/]: [B3njaxx_11: Applied enchantment Fortune III to B3njaxx_11's item]
[24Aug2024 00:24:01.891] [Server thread/INFO] [net.minecraft.world.entity.LivingEntity/]: Named entity GhostPlayerEntity['EL_banano003'/33068, l='ServerLevel[world]', x=910.70, y=128.19, z=134.54] died: EL_banano003 was slain by EL_banano003
[24Aug2024 00:24:04.595] [Server thread/INFO] [net.minecraft.world.entity.LivingEntity/]: Named entity GhostPlayerEntity['EL_banano003'/32956, l='ServerLevel[world]', x=900.81, y=128.00, z=134.83] died: EL_banano003 was slain by EL_banano003
[24Aug2024 00:24:10.114] [Server thread/INFO] [net.minecraft.server.MinecraftServer/]: [B3njaxx_11: Set own game mode to Creative Mode]
[24Aug2024 00:26:26.297] [Server thread/INFO] [net.minecraft.server.MinecraftServer/]: [B3njaxx_11: Summoned new Villager]
[24Aug2024 00:26:29.054] [Server thread/INFO] [net.minecraft.server.MinecraftServer/]: [B3njaxx_11: Summoned new Villager]
[24Aug2024 00:26:29.489] [Server thread/INFO] [net.minecraft.server.MinecraftServer/]: [B3njaxx_11: Summoned new Villager]
[24Aug2024 00:26:29.806] [Server thread/INFO] [net.minecraft.server.MinecraftServer/]: [B3njaxx_11: Summoned new Villager]
[24Aug2024 00:26:30.189] [Server thread/INFO] [net.minecraft.server.MinecraftServer/]: [B3njaxx_11: Summoned new Villager]
[24Aug2024 00:26:30.469] [Server thread/INFO] [net.minecraft.server.MinecraftServer/]: [B3njaxx_11: Summoned new Villager]
[24Aug2024 00:26:30.789] [Server thread/INFO] [net.minecraft.server.MinecraftServer/]: [B3njaxx_11: Summoned new Villager]
[24Aug2024 00:26:31.089] [Server thread/INFO] [net.minecraft.server.MinecraftServer/]: [B3njaxx_11: Summoned new Villager]
[24Aug2024 00:26:31.418] [Server thread/INFO] [net.minecraft.server.MinecraftServer/]: [B3njaxx_11: Summoned new Villager]
[24Aug2024 00:26:31.659] [Server thread/INFO] [net.minecraft.server.MinecraftServer/]: [B3njaxx_11: Summoned new Villager]
[24Aug2024 00:26:31.944] [Server thread/INFO] [net.minecraft.server.MinecraftServer/]: [Not Secure] <B3njaxx_11> t
[24Aug2024 00:27:07.240] [Server thread/INFO] [net.minecraft.server.MinecraftServer/]: [B3njaxx_11: Teleported 2 entities to B3njaxx_11]
[24Aug2024 00:27:17.546] [Server thread/INFO] [net.minecraft.world.entity.npc.Villager/]: Villager Villager['Villager'/33144, l='ServerLevel[world]', x=904.49, y=127.66, z=132.25] died, message: 'Villager was slain by B3njaxx_11'
[24Aug2024 00:27:19.496] [Server thread/INFO] [net.minecraft.world.entity.npc.Villager/]: Villager Villager['Villager'/33142, l='ServerLevel[world]', x=905.19, y=127.56, z=131.98] died, message: 'Villager was slain by B3njaxx_11'
[24Aug2024 00:27:21.445] [Server thread/INFO] [net.minecraft.world.entity.npc.Villager/]: Villager Villager['Villager'/33146, l='ServerLevel[world]', x=904.95, y=128.00, z=134.15] died, message: 'Villager was slain by B3njaxx_11'
[24Aug2024 00:27:24.093] [Server thread/INFO] [net.minecraft.world.entity.npc.Villager/]: Villager Villager['Fisherman'/33139, l='ServerLevel[world]', x=900.34, y=128.00, z=135.73] died, message: 'Fisherman was slain by B3njaxx_11'
[24Aug2024 00:27:24.094] [Server thread/INFO] [net.minecraft.world.entity.npc.Villager/]: Villager Villager['Villager'/33143, l='ServerLevel[world]', x=901.47, y=128.00, z=135.51] died, message: 'Villager was slain by B3njaxx_11'
[24Aug2024 00:27:25.589] [Server thread/INFO] [net.minecraft.world.entity.npc.Villager/]: Villager Villager['Villager'/33141, l='ServerLevel[world]', x=901.50, y=128.50, z=137.70] died, message: 'Villager was slain by B3njaxx_11'
[24Aug2024 00:27:27.885] [Server thread/INFO] [net.minecraft.server.MinecraftServer/]: EL_banano003 was slain by Iron Golem
[24Aug2024 00:27:32.838] [Server thread/INFO] [net.minecraft.world.entity.npc.Villager/]: Villager Villager['Villager'/33140, l='ServerLevel[world]', x=898.49, y=127.00, z=134.94] died, message: 'Villager was slain by B3njaxx_11'
[24Aug2024 00:27:33.340] [Server thread/INFO] [net.minecraft.world.entity.npc.Villager/]: Villager Villager['Fisherman'/33136, l='ServerLevel[world]', x=897.45, y=127.87, z=134.30] died, message: 'Fisherman was slain by B3njaxx_11'
[24Aug2024 00:27:35.987] [Server thread/INFO] [net.minecraft.world.entity.LivingEntity/]: Named entity GhostPlayerEntity['EL_banano003'/33217, l='ServerLevel[world]', x=901.13, y=128.39, z=131.30] died: EL_banano003 was slain by Iron Golem
[24Aug2024 00:27:56.046] [Server thread/INFO] [net.minecraft.world.entity.npc.Villager/]: Villager Villager['Villager'/33135, l='ServerLevel[world]', x=908.78, y=131.05, z=132.80] died, message: 'Villager was slain by B3njaxx_11'
[24Aug2024 00:27:57.139] [Server thread/INFO] [net.minecraft.server.MinecraftServer/]: EL_banano003 was slain by B3njaxx_11
[24Aug2024 00:28:47.319] [Server thread/INFO] [net.minecraft.server.commands.LocateCommand/]: Locating element integrated_villages:airship_village took 323 ms
[24Aug2024 00:28:58.271] [Server thread/INFO] [net.minecraft.server.commands.LocateCommand/]: Locating element integrated_villages:airship_village took 1 ms
[24Aug2024 00:29:09.285] [Worker-Main-3/WARN] [com.finndog.mvs.MVSCommon/]: Moog's Voyager Structures: Empty or nonexistent pool: mvs:farm/side_pool which is being called from mvs:nature/short_oak_pathway
[24Aug2024 00:29:09.285] [Worker-Main-3/WARN] [com.finndog.mvs.MVSCommon/]: Moog's Voyager Structures: Empty or nonexistent pool: mvs:farm/side_pool which is being called from mvs:nature/short_oak_pathway
[24Aug2024 00:29:23.999] [Server thread/INFO] [net.minecraft.server.MinecraftServer/]: [B3njaxx_11: Teleported B3njaxx_11 to 336.500000, 129.939845, 2176.500000]
[24Aug2024 00:29:23.999] [Server thread/WARN] [net.minecraft.server.MinecraftServer/]: Can't keep up! Is the server overloaded? Running 20175ms or 403 ticks behind
[24Aug2024 00:29:31.378] [Worker-Main-3/WARN] [net.minecraft.world.entity.EntityType/]: Skipping Entity with id irons_spellbooks:priest
[24Aug2024 00:30:15.876] [Server thread/WARN] [net.minecraft.server.MinecraftServer/]: Can't keep up! Is the server overloaded? Running 36902ms or 738 ticks behind
[24Aug2024 00:30:25.859] [Server thread/WARN] [net.minecraft.server.network.ServerGamePacketListenerImpl/]: B3njaxx_11 moved too quickly! 1.9819483117931327,7.874580089594531,6.230123729840216
[24Aug2024 00:30:28.653] [Server thread/INFO] [net.minecraft.server.MinecraftServer/]: B3njaxx_11 has made the advancement [Airship Village]
[24Aug2024 00:30:36.015] [Server thread/WARN] [net.minecraft.server.MinecraftServer/]: Can't keep up! Is the server overloaded? Running 5141ms or 102 ticks behind
[24Aug2024 00:30:43.822] [Worker-Main-1/ERROR] [net.minecraft.Util/]: Detected setBlock in a far chunk [11, 135], pos: BlockPos{x=191, y=83, z=2167}, status: minecraft:features, currently generating: ResourceKey[minecraft:worldgen/placed_feature / duneons:pillagerpost]
[24Aug2024 00:30:43.822] [Worker-Main-1/ERROR] [net.minecraft.Util/]: Detected setBlock in a far chunk [11, 135], pos: BlockPos{x=191, y=83, z=2168}, status: minecraft:features, currently generating: ResourceKey[minecraft:worldgen/placed_feature / duneons:pillagerpost]
[24Aug2024 00:30:43.822] [Worker-Main-1/ERROR] [net.minecraft.Util/]: Detected setBlock in a far chunk [11, 135], pos: BlockPos{x=191, y=83, z=2169}, status: minecraft:features, currently generating: ResourceKey[minecraft:worldgen/placed_feature / duneons:pillagerpost]
[24Aug2024 00:30:43.822] [Worker-Main-1/ERROR] [net.minecraft.Util/]: Detected setBlock in a far chunk [11, 135], pos: BlockPos{x=191, y=83, z=2170}, status: minecraft:features, currently generating: ResourceKey[minecraft:worldgen/placed_feature / duneons:pillagerpost]
[24Aug2024 00:30:43.823] [Worker-Main-1/ERROR] [net.minecraft.Util/]: Detected setBlock in a far chunk [11, 135], pos: BlockPos{x=191, y=83, z=2171}, status: minecraft:features, currently generating: ResourceKey[minecraft:worldgen/placed_feature / duneons:pillagerpost]
[24Aug2024 00:30:43.823] [Worker-Main-1/ERROR] [net.minecraft.Util/]: Detected setBlock in a far chunk [11, 135], pos: BlockPos{x=191, y=83, z=2172}, status: minecraft:features, currently generating: ResourceKey[minecraft:worldgen/placed_feature / duneons:pillagerpost]
[24Aug2024 00:30:43.823] [Worker-Main-1/ERROR] [net.minecraft.Util/]: Detected setBlock in a far chunk [11, 135], pos: BlockPos{x=191, y=83, z=2173}, status: minecraft:features, currently generating: ResourceKey[minecraft:worldgen/placed_feature / duneons:pillagerpost]
[24Aug2024 00:30:43.823] [Worker-Main-1/ERROR] [net.minecraft.Util/]: Detected setBlock in a far chunk [11, 135], pos: BlockPos{x=191, y=83, z=2174}, status: minecraft:features, currently generating: ResourceKey[minecraft:worldgen/placed_feature / duneons:pillagerpost]
[24Aug2024 00:30:43.823] [Worker-Main-1/ERROR] [net.minecraft.Util/]: Detected setBlock in a far chunk [11, 135], pos: BlockPos{x=191, y=83, z=2175}, status: minecraft:features, currently generating: ResourceKey[minecraft:worldgen/placed_feature / duneons:pillagerpost]
[24Aug2024 00:30:43.823] [Worker-Main-1/ERROR] [net.minecraft.Util/]: Detected setBlock in a far chunk [11, 136], pos: BlockPos{x=191, y=83, z=2176}, status: minecraft:features, currently generating: ResourceKey[minecraft:worldgen/placed_feature / duneons:pillagerpost]
[24Aug2024 00:30:43.823] [Worker-Main-1/ERROR] [net.minecraft.Util/]: Detected setBlock in a far chunk [11, 136], pos: BlockPos{x=191, y=83, z=2177}, status: minecraft:features, currently generating: ResourceKey[minecraft:worldgen/placed_feature / duneons:pillagerpost]
[24Aug2024 00:30:43.823] [Worker-Main-1/ERROR] [net.minecraft.Util/]: Detected setBlock in a far chunk [11, 136], pos: BlockPos{x=191, y=83, z=2178}, status: minecraft:features, currently generating: ResourceKey[minecraft:worldgen/placed_feature / duneons:pillagerpost]
[24Aug2024 00:30:43.823] [Worker-Main-1/ERROR] [net.minecraft.Util/]: Detected setBlock in a far chunk [11, 136], pos: BlockPos{x=191, y=83, z=2179}, status: minecraft:features, currently generating: ResourceKey[minecraft:worldgen/placed_feature / duneons:pillagerpost]
[24Aug2024 00:30:43.823] [Worker-Main-1/ERROR] [net.minecraft.Util/]: Detected setBlock in a far chunk [11, 136], pos: BlockPos{x=191, y=83, z=2180}, status: minecraft:features, currently generating: ResourceKey[minecraft:worldgen/placed_feature / duneons:pillagerpost]
[24Aug2024 00:30:43.823] [Worker-Main-1/ERROR] [net.minecraft.Util/]: Detected setBlock in a far chunk [11, 136], pos: BlockPos{x=191, y=83, z=2181}, status: minecraft:features, currently generating: ResourceKey[minecraft:worldgen/placed_feature / duneons:pillagerpost]
[24Aug2024 00:30:43.823] [Worker-Main-1/ERROR] [net.minecraft.Util/]: Detected setBlock in a far chunk [11, 136], pos: BlockPos{x=191, y=83, z=2182}, status: minecraft:features, currently generating: ResourceKey[minecraft:worldgen/placed_feature / duneons:pillagerpost]
[24Aug2024 00:30:43.823] [Worker-Main-1/ERROR] [net.minecraft.Util/]: Detected setBlock in a far chunk [11, 136], pos: BlockPos{x=191, y=83, z=2183}, status: minecraft:features, currently generating: ResourceKey[minecraft:worldgen/placed_feature / duneons:pillagerpost]
[24Aug2024 00:30:43.823] [Worker-Main-1/ERROR] [net.minecraft.Util/]: Detected setBlock in a far chunk [11, 136], pos: BlockPos{x=191, y=83, z=2184}, status: minecraft:features, currently generating: ResourceKey[minecraft:worldgen/placed_feature / duneons:pillagerpost]
[24Aug2024 00:30:43.824] [Worker-Main-1/ERROR] [net.minecraft.Util/]: Detected setBlock in a far chunk [11, 136], pos: BlockPos{x=191, y=83, z=2185}, status: minecraft:features, currently generating: ResourceKey[minecraft:worldgen/placed_feature / duneons:pillagerpost]
[24Aug2024 00:30:43.824] [Worker-Main-1/ERROR] [net.minecraft.Util/]: Detected setBlock in a far chunk [11, 136], pos: BlockPos{x=191, y=83, z=2186}, status: minecraft:features, currently generating: ResourceKey[minecraft:worldgen/placed_feature / duneons:pillagerpost]
[24Aug2024 00:30:43.824] [Worker-Main-1/ERROR] [net.minecraft.Util/]: Detected setBlock in a far chunk [11, 136], pos: BlockPos{x=191, y=83, z=2187}, status: minecraft:features, currently generating: ResourceKey[minecraft:worldgen/placed_feature / duneons:pillagerpost]
[24Aug2024 00:30:43.824] [Worker-Main-1/ERROR] [net.minecraft.Util/]: Detected setBlock in a far chunk [11, 136], pos: BlockPos{x=191, y=83, z=2188}, status: minecraft:features, currently generating: ResourceKey[minecraft:worldgen/placed_feature / duneons:pillagerpost]
[24Aug2024 00:30:43.824] [Worker-Main-1/ERROR] [net.minecraft.Util/]: Detected setBlock in a far chunk [11, 136], pos: BlockPos{x=191, y=83, z=2189}, status: minecraft:features, currently generating: ResourceKey[minecraft:worldgen/placed_feature / duneons:pillagerpost]
[24Aug2024 00:30:43.824] [Worker-Main-1/ERROR] [net.minecraft.Util/]: Detected setBlock in a far chunk [11, 135], pos: BlockPos{x=191, y=84, z=2168}, status: minecraft:features, currently generating: ResourceKey[minecraft:worldgen/placed_feature / duneons:pillagerpost]
[24Aug2024 00:30:43.824] [Worker-Main-1/ERROR] [net.minecraft.Util/]: Detected setBlock in a far chunk [11, 135], pos: BlockPos{x=191, y=84, z=2169}, status: minecraft:features, currently generating: ResourceKey[minecraft:worldgen/placed_feature / duneons:pillagerpost]
[24Aug2024 00:30:43.824] [Worker-Main-1/ERROR] [net.minecraft.Util/]: Detected setBlock in a far chunk [11, 135], pos: BlockPos{x=191, y=84, z=2170}, status: minecraft:features, currently generating: ResourceKey[minecraft:worldgen/placed_feature / duneons:pillagerpost]
[24Aug2024 00:30:43.824] [Worker-Main-1/ERROR] [net.minecraft.Util/]: Detected setBlock in a far chunk [11, 135], pos: BlockPos{x=191, y=84, z=2171}, status: minecraft:features, currently generating: ResourceKey[minecraft:worldgen/placed_feature / duneons:pillagerpost]
[24Aug2024 00:30:43.824] [Worker-Main-1/ERROR] [net.minecraft.Util/]: Detected setBlock in a far chunk [11, 135], pos: BlockPos{x=191, y=84, z=2172}, status: minecraft:features, currently generating: ResourceKey[minecraft:worldgen/placed_feature / duneons:pillagerpost]
[24Aug2024 00:30:43.824] [Worker-Main-1/ERROR] [net.minecraft.Util/]: Detected setBlock in a far chunk [11, 135], pos: BlockPos{x=191, y=84, z=2173}, status: minecraft:features, currently generating: ResourceKey[minecraft:worldgen/placed_feature / duneons:pillagerpost]
[24Aug2024 00:30:43.824] [Worker-Main-1/ERROR] [net.minecraft.Util/]: Detected setBlock in a far chunk [11, 135], pos: BlockPos{x=191, y=84, z=2174}, status: minecraft:features, currently generating: ResourceKey[minecraft:worldgen/placed_feature / duneons:pillagerpost]
[24Aug2024 00:30:43.824] [Worker-Main-1/ERROR] [net.minecraft.Util/]: Detected setBlock in a far chunk [11, 135], pos: BlockPos{x=191, y=84, z=2175}, status: minecraft:features, currently generating: ResourceKey[minecraft:worldgen/placed_feature / duneons:pillagerpost]
[24Aug2024 00:30:43.824] [Worker-Main-1/ERROR] [net.minecraft.Util/]: Detected setBlock in a far chunk [11, 136], pos: BlockPos{x=191, y=84, z=2176}, status: minecraft:features, currently generating: ResourceKey[minecraft:worldgen/placed_feature / duneons:pillagerpost]
[24Aug2024 00:30:43.825] [Worker-Main-1/ERROR] [net.minecraft.Util/]: Detected setBlock in a far chunk [11, 136], pos: BlockPos{x=191, y=84, z=2177}, status: minecraft:features, currently generating: ResourceKey[minecraft:worldgen/placed_feature / duneons:pillagerpost]
[24Aug2024 00:30:43.825] [Worker-Main-1/ERROR] [net.minecraft.Util/]: Detected setBlock in a far chunk [11, 136], pos: BlockPos{x=191, y=84, z=2178}, status: minecraft:features, currently generating: ResourceKey[minecraft:worldgen/placed_feature / duneons:pillagerpost]
[24Aug2024 00:30:43.825] [Worker-Main-1/ERROR] [net.minecraft.Util/]: Detected setBlock in a far chunk [11, 136], pos: BlockPos{x=191, y=84, z=2179}, status: minecraft:features, currently generating: ResourceKey[minecraft:worldgen/placed_feature / duneons:pillagerpost]
[24Aug2024 00:30:43.825] [Worker-Main-1/ERROR] [net.minecraft.Util/]: Detected setBlock in a far chunk [11, 136], pos: BlockPos{x=191, y=84, z=2180}, status: minecraft:features, currently generating: ResourceKey[minecraft:worldgen/placed_feature / duneons:pillagerpost]
[24Aug2024 00:30:43.825] [Worker-Main-1/ERROR] [net.minecraft.Util/]: Detected setBlock in a far chunk [11, 136], pos: BlockPos{x=191, y=84, z=2181}, status: minecraft:features, currently generating: ResourceKey[minecraft:worldgen/placed_feature / duneons:pillagerpost]
[24Aug2024 00:30:43.825] [Worker-Main-1/ERROR] [net.minecraft.Util/]: Detected setBlock in a far chunk [11, 136], pos: BlockPos{x=191, y=84, z=2182}, status: minecraft:features, currently generating: ResourceKey[minecraft:worldgen/placed_feature / duneons:pillagerpost]
[24Aug2024 00:30:43.825] [Worker-Main-1/ERROR] [net.minecraft.Util/]: Detected setBlock in a far chunk [11, 136], pos: BlockPos{x=191, y=84, z=2183}, status: minecraft:features, currently generating: ResourceKey[minecraft:worldgen/placed_feature / duneons:pillagerpost]
[24Aug2024 00:30:43.825] [Worker-Main-1/ERROR] [net.minecraft.Util/]: Detected setBlock in a far chunk [11, 136], pos: BlockPos{x=191, y=84, z=2184}, status: minecraft:features, currently generating: ResourceKey[minecraft:worldgen/placed_feature / duneons:pillagerpost]
[24Aug2024 00:30:43.825] [Worker-Main-1/ERROR] [net.minecraft.Util/]: Detected setBlock in a far chunk [11, 136], pos: BlockPos{x=191, y=84, z=2185}, status: minecraft:features, currently generating: ResourceKey[minecraft:worldgen/placed_feature / duneons:pillagerpost]
[24Aug2024 00:30:43.825] [Worker-Main-1/ERROR] [net.minecraft.Util/]: Detected setBlock in a far chunk [11, 136], pos: BlockPos{x=191, y=84, z=2186}, status: minecraft:features, currently generating: ResourceKey[minecraft:worldgen/placed_feature / duneons:pillagerpost]
[24Aug2024 00:30:43.825] [Worker-Main-1/ERROR] [net.minecraft.Util/]: Detected setBlock in a far chunk [11, 136], pos: BlockPos{x=191, y=84, z=2187}, status: minecraft:features, currently generating: ResourceKey[minecraft:worldgen/placed_feature / duneons:pillagerpost]
[24Aug2024 00:30:43.825] [Worker-Main-1/ERROR] [net.minecraft.Util/]: Detected setBlock in a far chunk [11, 136], pos: BlockPos{x=191, y=84, z=2188}, status: minecraft:features, currently generating: ResourceKey[minecraft:worldgen/placed_feature / duneons:pillagerpost]
[24Aug2024 00:30:43.825] [Worker-Main-1/ERROR] [net.minecraft.Util/]: Detected setBlock in a far chunk [11, 136], pos: BlockPos{x=191, y=84, z=2189}, status: minecraft:features, currently generating: ResourceKey[minecraft:worldgen/placed_feature / duneons:pillagerpost]
[24Aug2024 00:30:43.826] [Worker-Main-1/ERROR] [net.minecraft.Util/]: Detected setBlock in a far chunk [11, 135], pos: BlockPos{x=191, y=85, z=2169}, status: minecraft:features, currently generating: ResourceKey[minecraft:worldgen/placed_feature / duneons:pillagerpost]
[24Aug2024 00:30:43.826] [Worker-Main-1/ERROR] [net.minecraft.Util/]: Detected setBlock in a far chunk [11, 135], pos: BlockPos{x=191, y=85, z=2170}, status: minecraft:features, currently generating: ResourceKey[minecraft:worldgen/placed_feature / duneons:pillagerpost]
[24Aug2024 00:30:43.826] [Worker-Main-1/ERROR] [net.minecraft.Util/]: Detected setBlock in a far chunk [11, 135], pos: BlockPos{x=191, y=85, z=2171}, status: minecraft:features, currently generating: ResourceKey[minecraft:worldgen/placed_feature / duneons:pillagerpost]
[24Aug2024 00:30:43.826] [Worker-Main-1/ERROR] [net.minecraft.Util/]: Detected setBlock in a far chunk [11, 135], pos: BlockPos{x=191, y=85, z=2173}, status: minecraft:features, currently generating: ResourceKey[minecraft:worldgen/placed_feature / duneons:pillagerpost]
[24Aug2024 00:30:43.826] [Worker-Main-1/ERROR] [net.minecraft.Util/]: Detected setBlock in a far chunk [11, 135], pos: BlockPos{x=191, y=85, z=2175}, status: minecraft:features, currently generating: ResourceKey[minecraft:worldgen/placed_feature / duneons:pillagerpost]
[24Aug2024 00:30:43.826] [Worker-Main-1/ERROR] [net.minecraft.Util/]: Detected setBlock in a far chunk [11, 136], pos: BlockPos{x=191, y=85, z=2176}, status: minecraft:features, currently generating: ResourceKey[minecraft:worldgen/placed_feature / duneons:pillagerpost]
[24Aug2024 00:30:43.826] [Worker-Main-1/ERROR] [net.minecraft.Util/]: Detected setBlock in a far chunk [11, 136], pos: BlockPos{x=191, y=85, z=2177}, status: minecraft:features, currently generating: ResourceKey[minecraft:worldgen/placed_feature / duneons:pillagerpost]
[24Aug2024 00:30:43.826] [Worker-Main-1/ERROR] [net.minecraft.Util/]: Detected setBlock in a far chunk [11, 136], pos: BlockPos{x=191, y=85, z=2178}, status: minecraft:features, currently generating: ResourceKey[minecraft:worldgen/placed_feature / duneons:pillagerpost]
[24Aug2024 00:30:43.826] [Worker-Main-1/ERROR] [net.minecraft.Util/]: Detected setBlock in a far chunk [11, 136], pos: BlockPos{x=191, y=85, z=2179}, status: minecraft:features, currently generating: ResourceKey[minecraft:worldgen/placed_feature / duneons:pillagerpost]
[24Aug2024 00:30:43.826] [Worker-Main-1/ERROR] [net.minecraft.Util/]: Detected setBlock in a far chunk [11, 136], pos: BlockPos{x=191, y=85, z=2180}, status: minecraft:features, currently generating: ResourceKey[minecraft:worldgen/placed_feature / duneons:pillagerpost]
[24Aug2024 00:30:43.826] [Worker-Main-1/ERROR] [net.minecraft.Util/]: Detected setBlock in a far chunk [11, 136], pos: BlockPos{x=191, y=85, z=2181}, status: minecraft:features, currently generating: ResourceKey[minecraft:worldgen/placed_feature / duneons:pillagerpost]
[24Aug2024 00:30:43.826] [Worker-Main-1/ERROR] [net.minecraft.Util/]: Detected setBlock in a far chunk [11, 136], pos: BlockPos{x=191, y=85, z=2182}, status: minecraft:features, currently generating: ResourceKey[minecraft:worldgen/placed_feature / duneons:pillagerpost]
[24Aug2024 00:30:43.826] [Worker-Main-1/ERROR] [net.minecraft.Util/]: Detected setBlock in a far chunk [11, 136], pos: BlockPos{x=191, y=85, z=2183}, status: minecraft:features, currently generating: ResourceKey[minecraft:worldgen/placed_feature / duneons:pillagerpost]
[24Aug2024 00:30:43.827] [Worker-Main-1/ERROR] [net.minecraft.Util/]: Detected setBlock in a far chunk [11, 136], pos: BlockPos{x=191, y=85, z=2184}, status: minecraft:features, currently generating: ResourceKey[minecraft:worldgen/placed_feature / duneons:pillagerpost]
[24Aug2024 00:30:43.827] [Worker-Main-1/ERROR] [net.minecraft.Util/]: Detected setBlock in a far chunk [11, 136], pos: BlockPos{x=191, y=85, z=2185}, status: minecraft:features, currently generating: ResourceKey[minecraft:worldgen/placed_feature / duneons:pillagerpost]
[24Aug2024 00:30:43.827] [Worker-Main-1/ERROR] [net.minecraft.Util/]: Detected setBlock in a far chunk [11, 136], pos: BlockPos{x=191, y=85, z=2186}, status: minecraft:features, currently generating: ResourceKey[minecraft:worldgen/placed_feature / duneons:pillagerpost]
[24Aug2024 00:30:43.827] [Worker-Main-1/ERROR] [net.minecraft.Util/]: Detected setBlock in a far chunk [11, 136], pos: BlockPos{x=191, y=85, z=2187}, status: minecraft:features, currently generating: ResourceKey[minecraft:worldgen/placed_feature / duneons:pillagerpost]
[24Aug2024 00:30:43.827] [Worker-Main-1/ERROR] [net.minecraft.Util/]: Detected setBlock in a far chunk [11, 136], pos: BlockPos{x=191, y=85, z=2188}, status: minecraft:features, currently generating: ResourceKey[minecraft:worldgen/placed_feature / duneons:pillagerpost]
[24Aug2024 00:30:43.827] [Worker-Main-1/ERROR] [net.minecraft.Util/]: Detected setBlock in a far chunk [11, 136], pos: BlockPos{x=191, y=85, z=2189}, status: minecraft:features, currently generating: ResourceKey[minecraft:worldgen/placed_feature / duneons:pillagerpost]
[24Aug2024 00:30:43.827] [Worker-Main-1/ERROR] [net.minecraft.Util/]: Detected setBlock in a far chunk [11, 135], pos: BlockPos{x=191, y=86, z=2169}, status: minecraft:features, currently generating: ResourceKey[minecraft:worldgen/placed_feature / duneons:pillagerpost]
[24Aug2024 00:30:43.827] [Worker-Main-1/ERROR] [net.minecraft.Util/]: Detected setBlock in a far chunk [11, 135], pos: BlockPos{x=191, y=86, z=2170}, status: minecraft:features, currently generating: ResourceKey[minecraft:worldgen/placed_feature / duneons:pillagerpost]
[24Aug2024 00:30:43.827] [Worker-Main-1/ERROR] [net.minecraft.Util/]: Detected setBlock in a far chunk [11, 136], pos: BlockPos{x=191, y=86, z=2178}, status: minecraft:features, currently generating: ResourceKey[minecraft:worldgen/placed_feature / duneons:pillagerpost]
[24Aug2024 00:30:43.827] [Worker-Main-1/ERROR] [net.minecraft.Util/]: Detected setBlock in a far chunk [11, 136], pos: BlockPos{x=191, y=86, z=2189}, status: minecraft:features, currently generating: ResourceKey[minecraft:worldgen/placed_feature / duneons:pillagerpost]
[24Aug2024 00:30:43.827] [Worker-Main-1/ERROR] [net.minecraft.Util/]: Detected setBlock in a far chunk [11, 136], pos: BlockPos{x=191, y=87, z=2178}, status: minecraft:features, currently generating: ResourceKey[minecraft:worldgen/placed_feature / duneons:pillagerpost]
[24Aug2024 00:30:43.827] [Worker-Main-1/ERROR] [net.minecraft.Util/]: Detected setBlock in a far chunk [11, 136], pos: BlockPos{x=191, y=87, z=2189}, status: minecraft:features, currently generating: ResourceKey[minecraft:worldgen/placed_feature / duneons:pillagerpost]
[24Aug2024 00:30:43.827] [Worker-Main-1/ERROR] [net.minecraft.Util/]: Detected setBlock in a far chunk [11, 136], pos: BlockPos{x=191, y=89, z=2178}, status: minecraft:features, currently generating: ResourceKey[minecraft:worldgen/placed_feature / duneons:pillagerpost]
[24Aug2024 00:30:43.827] [Worker-Main-1/ERROR] [net.minecraft.Util/]: Detected setBlock in a far chunk [11, 136], pos: BlockPos{x=191, y=89, z=2179}, status: minecraft:features, currently generating: ResourceKey[minecraft:worldgen/placed_feature / duneons:pillagerpost]
[24Aug2024 00:30:43.827] [Worker-Main-1/ERROR] [net.minecraft.Util/]: Detected setBlock in a far chunk [11, 136], pos: BlockPos{x=191, y=89, z=2180}, status: minecraft:features, currently generating: ResourceKey[minecraft:worldgen/placed_feature / duneons:pillagerpost]
[24Aug2024 00:30:43.828] [Worker-Main-1/ERROR] [net.minecraft.Util/]: Detected setBlock in a far chunk [11, 136], pos: BlockPos{x=191, y=90, z=2177}, status: minecraft:features, currently generating: ResourceKey[minecraft:worldgen/placed_feature / duneons:pillagerpost]
[24Aug2024 00:30:43.828] [Worker-Main-1/ERROR] [net.minecraft.Util/]: Detected setBlock in a far chunk [11, 136], pos: BlockPos{x=191, y=90, z=2181}, status: minecraft:features, currently generating: ResourceKey[minecraft:worldgen/placed_feature / duneons:pillagerpost]
[24Aug2024 00:30:43.828] [Worker-Main-1/ERROR] [net.minecraft.Util/]: Detected setBlock in a far chunk [11, 136], pos: BlockPos{x=191, y=91, z=2177}, status: minecraft:features, currently generating: ResourceKey[minecraft:worldgen/placed_feature / duneons:pillagerpost]
[24Aug2024 00:30:43.828] [Worker-Main-1/ERROR] [net.minecraft.Util/]: Detected setBlock in a far chunk [11, 136], pos: BlockPos{x=191, y=91, z=2181}, status: minecraft:features, currently generating: ResourceKey[minecraft:worldgen/placed_feature / duneons:pillagerpost]
[24Aug2024 00:30:43.828] [Worker-Main-1/ERROR] [net.minecraft.Util/]: Detected setBlock in a far chunk [11, 135], pos: BlockPos{x=191, y=83, z=2166}, status: minecraft:features, currently generating: ResourceKey[minecraft:worldgen/placed_feature / duneons:pillagerpost]
[24Aug2024 00:30:43.828] [Worker-Main-1/ERROR] [net.minecraft.Util/]: Detected setBlock in a far chunk [11, 135], pos: BlockPos{x=191, y=84, z=2167}, status: minecraft:features, currently generating: ResourceKey[minecraft:worldgen/placed_feature / duneons:pillagerpost]
[24Aug2024 00:30:43.829] [Worker-Main-1/ERROR] [net.minecraft.Util/]: Detected setBlock in a far chunk [11, 135], pos: BlockPos{x=191, y=85, z=2168}, status: minecraft:features, currently generating: ResourceKey[minecraft:worldgen/placed_feature / duneons:pillagerpost]
[24Aug2024 00:30:43.829] [Worker-Main-1/ERROR] [net.minecraft.Util/]: Detected setBlock in a far chunk [11, 135], pos: BlockPos{x=191, y=85, z=2172}, status: minecraft:features, currently generating: ResourceKey[minecraft:worldgen/placed_feature / duneons:pillagerpost]
[24Aug2024 00:30:43.829] [Worker-Main-1/ERROR] [net.minecraft.Util/]: Detected setBlock in a far chunk [11, 135], pos: BlockPos{x=191, y=85, z=2174}, status: minecraft:features, currently generating: ResourceKey[minecraft:worldgen/placed_feature / duneons:pillagerpost]
[24Aug2024 00:30:43.829] [Worker-Main-1/ERROR] [net.minecraft.Util/]: Detected setBlock in a far chunk [11, 135], pos: BlockPos{x=191, y=86, z=2171}, status: minecraft:features, currently generating: ResourceKey[minecraft:worldgen/placed_feature / duneons:pillagerpost]
[24Aug2024 00:30:43.829] [Worker-Main-1/ERROR] [net.minecraft.Util/]: Detected setBlock in a far chunk [11, 135], pos: BlockPos{x=191, y=86, z=2172}, status: minecraft:features, currently generating: ResourceKey[minecraft:worldgen/placed_feature / duneons:pillagerpost]
[24Aug2024 00:30:43.829] [Worker-Main-1/ERROR] [net.minecraft.Util/]: Detected setBlock in a far chunk [11, 135], pos: BlockPos{x=191, y=86, z=2173}, status: minecraft:features, currently generating: ResourceKey[minecraft:worldgen/placed_feature / duneons:pillagerpost]
[24Aug2024 00:30:43.830] [Worker-Main-1/ERROR] [net.minecraft.Util/]: Detected setBlock in a far chunk [11, 135], pos: BlockPos{x=191, y=86, z=2174}, status: minecraft:features, currently generating: ResourceKey[minecraft:worldgen/placed_feature / duneons:pillagerpost]
[24Aug2024 00:30:43.830] [Worker-Main-1/ERROR] [net.minecraft.Util/]: Detected setBlock in a far chunk [11, 135], pos: BlockPos{x=191, y=86, z=2175}, status: minecraft:features, currently generating: ResourceKey[minecraft:worldgen/placed_feature / duneons:pillagerpost]
[24Aug2024 00:30:43.830] [Worker-Main-1/ERROR] [net.minecraft.Util/]: Detected setBlock in a far chunk [11, 136], pos: BlockPos{x=191, y=86, z=2176}, status: minecraft:features, currently generating: ResourceKey[minecraft:worldgen/placed_feature / duneons:pillagerpost]
[24Aug2024 00:30:43.830] [Worker-Main-1/ERROR] [net.minecraft.Util/]: Detected setBlock in a far chunk [11, 136], pos: BlockPos{x=191, y=86, z=2177}, status: minecraft:features, currently generating: ResourceKey[minecraft:worldgen/placed_feature / duneons:pillagerpost]
[24Aug2024 00:30:43.830] [Worker-Main-1/ERROR] [net.minecraft.Util/]: Detected setBlock in a far chunk [11, 136], pos: BlockPos{x=191, y=86, z=2179}, status: minecraft:features, currently generating: ResourceKey[minecraft:worldgen/placed_feature / duneons:pillagerpost]
[24Aug2024 00:30:43.830] [Worker-Main-1/ERROR] [net.minecraft.Util/]: Detected setBlock in a far chunk [11, 136], pos: BlockPos{x=191, y=86, z=2180}, status: minecraft:features, currently generating: ResourceKey[minecraft:worldgen/placed_feature / duneons:pillagerpost]
[24Aug2024 00:30:43.830] [Worker-Main-1/ERROR] [net.minecraft.Util/]: Detected setBlock in a far chunk [11, 136], pos: BlockPos{x=191, y=86, z=2181}, status: minecraft:features, currently generating: ResourceKey[minecraft:worldgen/placed_feature / duneons:pillagerpost]
[24Aug2024 00:30:43.830] [Worker-Main-1/ERROR] [net.minecraft.Util/]: Detected setBlock in a far chunk [11, 136], pos: BlockPos{x=191, y=86, z=2182}, status: minecraft:features, currently generating: ResourceKey[minecraft:worldgen/placed_feature / duneons:pillagerpost]
[24Aug2024 00:30:43.830] [Worker-Main-1/ERROR] [net.minecraft.Util/]: Detected setBlock in a far chunk [11, 136], pos: BlockPos{x=191, y=86, z=2183}, status: minecraft:features, currently generating: ResourceKey[minecraft:worldgen/placed_feature / duneons:pillagerpost]
[24Aug2024 00:30:43.830] [Worker-Main-1/ERROR] [net.minecraft.Util/]: Detected setBlock in a far chunk [11, 136], pos: BlockPos{x=191, y=86, z=2184}, status: minecraft:features, currently generating: ResourceKey[minecraft:worldgen/placed_feature / duneons:pillagerpost]
[24Aug2024 00:30:43.830] [Worker-Main-1/ERROR] [net.minecraft.Util/]: Detected setBlock in a far chunk [11, 136], pos: BlockPos{x=191, y=86, z=2185}, status: minecraft:features, currently generating: ResourceKey[minecraft:worldgen/placed_feature / duneons:pillagerpost]
[24Aug2024 00:30:43.830] [Worker-Main-1/ERROR] [net.minecraft.Util/]: Detected setBlock in a far chunk [11, 136], pos: BlockPos{x=191, y=86, z=2186}, status: minecraft:features, currently generating: ResourceKey[minecraft:worldgen/placed_feature / duneons:pillagerpost]
[24Aug2024 00:30:43.830] [Worker-Main-1/ERROR] [net.minecraft.Util/]: Detected setBlock in a far chunk [11, 136], pos: BlockPos{x=191, y=86, z=2187}, status: minecraft:features, currently generating: ResourceKey[minecraft:worldgen/placed_feature / duneons:pillagerpost]
[24Aug2024 00:30:43.830] [Worker-Main-1/ERROR] [net.minecraft.Util/]: Detected setBlock in a far chunk [11, 136], pos: BlockPos{x=191, y=86, z=2188}, status: minecraft:features, currently generating: ResourceKey[minecraft:worldgen/placed_feature / duneons:pillagerpost]
[24Aug2024 00:30:43.831] [Worker-Main-1/ERROR] [net.minecraft.Util/]: Detected setBlock in a far chunk [11, 135], pos: BlockPos{x=191, y=87, z=2168}, status: minecraft:features, currently generating: ResourceKey[minecraft:worldgen/placed_feature / duneons:pillagerpost]
[24Aug2024 00:30:43.831] [Worker-Main-1/ERROR] [net.minecraft.Util/]: Detected setBlock in a far chunk [11, 135], pos: BlockPos{x=191, y=87, z=2169}, status: minecraft:features, currently generating: ResourceKey[minecraft:worldgen/placed_feature / duneons:pillagerpost]
[24Aug2024 00:30:43.831] [Worker-Main-1/ERROR] [net.minecraft.Util/]: Detected setBlock in a far chunk [11, 135], pos: BlockPos{x=191, y=87, z=2170}, status: minecraft:features, currently generating: ResourceKey[minecraft:worldgen/placed_feature / duneons:pillagerpost]
[24Aug2024 00:30:43.831] [Worker-Main-1/ERROR] [net.minecraft.Util/]: Detected setBlock in a far chunk [11, 135], pos: BlockPos{x=191, y=87, z=2171}, status: minecraft:features, currently generating: ResourceKey[minecraft:worldgen/placed_feature / duneons:pillagerpost]
[24Aug2024 00:30:43.831] [Worker-Main-1/ERROR] [net.minecraft.Util/]: Detected setBlock in a far chunk [11, 135], pos: BlockPos{x=191, y=87, z=2172}, status: minecraft:features, currently generating: ResourceKey[minecraft:worldgen/placed_feature / duneons:pillagerpost]
[24Aug2024 00:30:43.831] [Worker-Main-1/ERROR] [net.minecraft.Util/]: Detected setBlock in a far chunk [11, 135], pos: BlockPos{x=191, y=87, z=2173}, status: minecraft:features, currently generating: ResourceKey[minecraft:worldgen/placed_feature / duneons:pillagerpost]
[24Aug2024 00:30:43.831] [Worker-Main-1/ERROR] [net.minecraft.Util/]: Detected setBlock in a far chunk [11, 135], pos: BlockPos{x=191, y=87, z=2174}, status: minecraft:features, currently generating: ResourceKey[minecraft:worldgen/placed_feature / duneons:pillagerpost]
[24Aug2024 00:30:43.831] [Worker-Main-1/ERROR] [net.minecraft.Util/]: Detected setBlock in a far chunk [11, 135], pos: BlockPos{x=191, y=87, z=2175}, status: minecraft:features, currently generating: ResourceKey[minecraft:worldgen/placed_feature / duneons:pillagerpost]
[24Aug2024 00:30:43.831] [Worker-Main-1/ERROR] [net.minecraft.Util/]: Detected setBlock in a far chunk [11, 136], pos: BlockPos{x=191, y=87, z=2176}, status: minecraft:features, currently generating: ResourceKey[minecraft:worldgen/placed_feature / duneons:pillagerpost]
[24Aug2024 00:30:43.831] [Worker-Main-1/ERROR] [net.minecraft.Util/]: Detected setBlock in a far chunk [11, 136], pos: BlockPos{x=191, y=87, z=2177}, status: minecraft:features, currently generating: ResourceKey[minecraft:worldgen/placed_feature / duneons:pillagerpost]
[24Aug2024 00:30:43.831] [Worker-Main-1/ERROR] [net.minecraft.Util/]: Detected setBlock in a far chunk [11, 136], pos: BlockPos{x=191, y=87, z=2179}, status: minecraft:features, currently generating: ResourceKey[minecraft:worldgen/placed_feature / duneons:pillagerpost]
[24Aug2024 00:30:43.831] [Worker-Main-1/ERROR] [net.minecraft.Util/]: Detected setBlock in a far chunk [11, 136], pos: BlockPos{x=191, y=87, z=2180}, status: minecraft:features, currently generating: ResourceKey[minecraft:worldgen/placed_feature / duneons:pillagerpost]
[24Aug2024 00:30:43.831] [Worker-Main-1/ERROR] [net.minecraft.Util/]: Detected setBlock in a far chunk [11, 136], pos: BlockPos{x=191, y=87, z=2181}, status: minecraft:features, currently generating: ResourceKey[minecraft:worldgen/placed_feature / duneons:pillagerpost]
[24Aug2024 00:30:43.832] [Worker-Main-1/ERROR] [net.minecraft.Util/]: Detected setBlock in a far chunk [11, 136], pos: BlockPos{x=191, y=87, z=2182}, status: minecraft:features, currently generating: ResourceKey[minecraft:worldgen/placed_feature / duneons:pillagerpost]
[24Aug2024 00:30:43.832] [Worker-Main-1/ERROR] [net.minecraft.Util/]: Detected setBlock in a far chunk [11, 136], pos: BlockPos{x=191, y=87, z=2183}, status: minecraft:features, currently generating: ResourceKey[minecraft:worldgen/placed_feature / duneons:pillagerpost]
[24Aug2024 00:30:43.832] [Worker-Main-1/ERROR] [net.minecraft.Util/]: Detected setBlock in a far chunk [11, 136], pos: BlockPos{x=191, y=87, z=2184}, status: minecraft:features, currently generating: ResourceKey[minecraft:worldgen/placed_feature / duneons:pillagerpost]
[24Aug2024 00:30:43.832] [Worker-Main-1/ERROR] [net.minecraft.Util/]: Detected setBlock in a far chunk [11, 136], pos: BlockPos{x=191, y=87, z=2185}, status: minecraft:features, currently generating: ResourceKey[minecraft:worldgen/placed_feature / duneons:pillagerpost]
[24Aug2024 00:30:43.832] [Worker-Main-1/ERROR] [net.minecraft.Util/]: Detected setBlock in a far chunk [11, 136], pos: BlockPos{x=191, y=87, z=2186}, status: minecraft:features, currently generating: ResourceKey[minecraft:worldgen/placed_feature / duneons:pillagerpost]
[24Aug2024 00:30:43.832] [Worker-Main-1/ERROR] [net.minecraft.Util/]: Detected setBlock in a far chunk [11, 136], pos: BlockPos{x=191, y=87, z=2187}, status: minecraft:features, currently generating: ResourceKey[minecraft:worldgen/placed_feature / duneons:pillagerpost]
[24Aug2024 00:30:43.832] [Worker-Main-1/ERROR] [net.minecraft.Util/]: Detected setBlock in a far chunk [11, 136], pos: BlockPos{x=191, y=87, z=2188}, status: minecraft:features, currently generating: ResourceKey[minecraft:worldgen/placed_feature / duneons:pillagerpost]
[24Aug2024 00:30:43.832] [Worker-Main-1/ERROR] [net.minecraft.Util/]: Detected setBlock in a far chunk [11, 135], pos: BlockPos{x=191, y=88, z=2166}, status: minecraft:features, currently generating: ResourceKey[minecraft:worldgen/placed_feature / duneons:pillagerpost]
[24Aug2024 00:30:43.832] [Worker-Main-1/ERROR] [net.minecraft.Util/]: Detected setBlock in a far chunk [11, 135], pos: BlockPos{x=191, y=88, z=2167}, status: minecraft:features, currently generating: ResourceKey[minecraft:worldgen/placed_feature / duneons:pillagerpost]
[24Aug2024 00:30:43.832] [Worker-Main-1/ERROR] [net.minecraft.Util/]: Detected setBlock in a far chunk [11, 135], pos: BlockPos{x=191, y=88, z=2168}, status: minecraft:features, currently generating: ResourceKey[minecraft:worldgen/placed_feature / duneons:pillagerpost]
[24Aug2024 00:30:43.832] [Worker-Main-1/ERROR] [net.minecraft.Util/]: Detected setBlock in a far chunk [11, 135], pos: BlockPos{x=191, y=88, z=2169}, status: minecraft:features, currently generating: ResourceKey[minecraft:worldgen/placed_feature / duneons:pillagerpost]
[24Aug2024 00:30:43.832] [Worker-Main-1/ERROR] [net.minecraft.Util/]: Detected setBlock in a far chunk [11, 135], pos: BlockPos{x=191, y=88, z=2170}, status: minecraft:features, currently generating: ResourceKey[minecraft:worldgen/placed_feature / duneons:pillagerpost]
[24Aug2024 00:30:43.833] [Worker-Main-1/ERROR] [net.minecraft.Util/]: Detected setBlock in a far chunk [11, 135], pos: BlockPos{x=191, y=88, z=2171}, status: minecraft:features, currently generating: ResourceKey[minecraft:worldgen/placed_feature / duneons:pillagerpost]
[24Aug2024 00:30:43.833] [Worker-Main-1/ERROR] [net.minecraft.Util/]: Detected setBlock in a far chunk [11, 135], pos: BlockPos{x=191, y=88, z=2172}, status: minecraft:features, currently generating: ResourceKey[minecraft:worldgen/placed_feature / duneons:pillagerpost]
[24Aug2024 00:30:43.833] [Worker-Main-1/ERROR] [net.minecraft.Util/]: Detected setBlock in a far chunk [11, 135], pos: BlockPos{x=191, y=88, z=2173}, status: minecraft:features, currently generating: ResourceKey[minecraft:worldgen/placed_feature / duneons:pillagerpost]
[24Aug2024 00:30:43.833] [Worker-Main-1/ERROR] [net.minecraft.Util/]: Detected setBlock in a far chunk [11, 135], pos: BlockPos{x=191, y=88, z=2174}, status: minecraft:features, currently generating: ResourceKey[minecraft:worldgen/placed_feature / duneons:pillagerpost]
[24Aug2024 00:30:43.833] [Worker-Main-1/ERROR] [net.minecraft.Util/]: Detected setBlock in a far chunk [11, 135], pos: BlockPos{x=191, y=88, z=2175}, status: minecraft:features, currently generating: ResourceKey[minecraft:worldgen/placed_feature / duneons:pillagerpost]
[24Aug2024 00:30:43.833] [Worker-Main-1/ERROR] [net.minecraft.Util/]: Detected setBlock in a far chunk [11, 136], pos: BlockPos{x=191, y=88, z=2176}, status: minecraft:features, currently generating: ResourceKey[minecraft:worldgen/placed_feature / duneons:pillagerpost]
[24Aug2024 00:30:43.833] [Worker-Main-1/ERROR] [net.minecraft.Util/]: Detected setBlock in a far chunk [11, 136], pos: BlockPos{x=191, y=88, z=2177}, status: minecraft:features, currently generating: ResourceKey[minecraft:worldgen/placed_feature / duneons:pillagerpost]
[24Aug2024 00:30:43.833] [Worker-Main-1/ERROR] [net.minecraft.Util/]: Detected setBlock in a far chunk [11, 136], pos: BlockPos{x=191, y=88, z=2178}, status: minecraft:features, currently generating: ResourceKey[minecraft:worldgen/placed_feature / duneons:pillagerpost]
[24Aug2024 00:30:43.833] [Worker-Main-1/ERROR] [net.minecraft.Util/]: Detected setBlock in a far chunk [11, 136], pos: BlockPos{x=191, y=88, z=2179}, status: minecraft:features, currently generating: ResourceKey[minecraft:worldgen/placed_feature / duneons:pillagerpost]
[24Aug2024 00:30:43.833] [Worker-Main-1/ERROR] [net.minecraft.Util/]: Detected setBlock in a far chunk [11, 136], pos: BlockPos{x=191, y=88, z=2180}, status: minecraft:features, currently generating: ResourceKey[minecraft:worldgen/placed_feature / duneons:pillagerpost]
[24Aug2024 00:30:43.833] [Worker-Main-1/ERROR] [net.minecraft.Util/]: Detected setBlock in a far chunk [11, 136], pos: BlockPos{x=191, y=88, z=2181}, status: minecraft:features, currently generating: ResourceKey[minecraft:worldgen/placed_feature / duneons:pillagerpost]
[24Aug2024 00:30:43.833] [Worker-Main-1/ERROR] [net.minecraft.Util/]: Detected setBlock in a far chunk [11, 136], pos: BlockPos{x=191, y=88, z=2182}, status: minecraft:features, currently generating: ResourceKey[minecraft:worldgen/placed_feature / duneons:pillagerpost]
[24Aug2024 00:30:43.833] [Worker-Main-1/ERROR] [net.minecraft.Util/]: Detected setBlock in a far chunk [11, 136], pos: BlockPos{x=191, y=88, z=2183}, status: minecraft:features, currently generating: ResourceKey[minecraft:worldgen/placed_feature / duneons:pillagerpost]
[24Aug2024 00:30:43.833] [Worker-Main-1/ERROR] [net.minecraft.Util/]: Detected setBlock in a far chunk [11, 136], pos: BlockPos{x=191, y=88, z=2184}, status: minecraft:features, currently generating: ResourceKey[minecraft:worldgen/placed_feature / duneons:pillagerpost]
[24Aug2024 00:30:43.833] [Worker-Main-1/ERROR] [net.minecraft.Util/]: Detected setBlock in a far chunk [11, 136], pos: BlockPos{x=191, y=88, z=2185}, status: minecraft:features, currently generating: ResourceKey[minecraft:worldgen/placed_feature / duneons:pillagerpost]
[24Aug2024 00:30:43.834] [Worker-Main-1/ERROR] [net.minecraft.Util/]: Detected setBlock in a far chunk [11, 136], pos: BlockPos{x=191, y=88, z=2186}, status: minecraft:features, currently generating: ResourceKey[minecraft:worldgen/placed_feature / duneons:pillagerpost]
[24Aug2024 00:30:43.834] [Worker-Main-1/ERROR] [net.minecraft.Util/]: Detected setBlock in a far chunk [11, 136], pos: BlockPos{x=191, y=88, z=2187}, status: minecraft:features, currently generating: ResourceKey[minecraft:worldgen/placed_feature / duneons:pillagerpost]
[24Aug2024 00:30:43.834] [Worker-Main-1/ERROR] [net.minecraft.Util/]: Detected setBlock in a far chunk [11, 135], pos: BlockPos{x=191, y=89, z=2166}, status: minecraft:features, currently generating: ResourceKey[minecraft:worldgen/placed_feature / duneons:pillagerpost]
[24Aug2024 00:30:43.834] [Worker-Main-1/ERROR] [net.minecraft.Util/]: Detected setBlock in a far chunk [11, 135], pos: BlockPos{x=191, y=89, z=2167}, status: minecraft:features, currently generating: ResourceKey[minecraft:worldgen/placed_feature / duneons:pillagerpost]
[24Aug2024 00:30:43.834] [Worker-Main-1/ERROR] [net.minecraft.Util/]: Detected setBlock in a far chunk [11, 135], pos: BlockPos{x=191, y=89, z=2168}, status: minecraft:features, currently generating: ResourceKey[minecraft:worldgen/placed_feature / duneons:pillagerpost]
[24Aug2024 00:30:43.834] [Worker-Main-1/ERROR] [net.minecraft.Util/]: Detected setBlock in a far chunk [11, 135], pos: BlockPos{x=191, y=89, z=2169}, status: minecraft:features, currently generating: ResourceKey[minecraft:worldgen/placed_feature / duneons:pillagerpost]
[24Aug2024 00:30:43.834] [Worker-Main-1/ERROR] [net.minecraft.Util/]: Detected setBlock in a far chunk [11, 135], pos: BlockPos{x=191, y=89, z=2170}, status: minecraft:features, currently generating: ResourceKey[minecraft:worldgen/placed_feature / duneons:pillagerpost]
[24Aug2024 00:30:43.834] [Worker-Main-1/ERROR] [net.minecraft.Util/]: Detected setBlock in a far chunk [11, 135], pos: BlockPos{x=191, y=89, z=2171}, status: minecraft:features, currently generating: ResourceKey[minecraft:worldgen/placed_feature / duneons:pillagerpost]
[24Aug2024 00:30:43.834] [Worker-Main-1/ERROR] [net.minecraft.Util/]: Detected setBlock in a far chunk [11, 135], pos: BlockPos{x=191, y=89, z=2172}, status: minecraft:features, currently generating: ResourceKey[minecraft:worldgen/placed_feature / duneons:pillagerpost]
[24Aug2024 00:30:43.834] [Worker-Main-1/ERROR] [net.minecraft.Util/]: Detected setBlock in a far chunk [11, 135], pos: BlockPos{x=191, y=89, z=2173}, status: minecraft:features, currently generating: ResourceKey[minecraft:worldgen/placed_feature / duneons:pillagerpost]
[24Aug2024 00:30:43.834] [Worker-Main-1/ERROR] [net.minecraft.Util/]: Detected setBlock in a far chunk [11, 135], pos: BlockPos{x=191, y=89, z=2174}, status: minecraft:features, currently generating: ResourceKey[minecraft:worldgen/placed_feature / duneons:pillagerpost]
[24Aug2024 00:30:43.834] [Worker-Main-1/ERROR] [net.minecraft.Util/]: Detected setBlock in a far chunk [11, 135], pos: BlockPos{x=191, y=89, z=2175}, status: minecraft:features, currently generating: ResourceKey[minecraft:worldgen/placed_feature / duneons:pillagerpost]
[24Aug2024 00:30:43.834] [Worker-Main-1/ERROR] [net.minecraft.Util/]: Detected setBlock in a far chunk [11, 136], pos: BlockPos{x=191, y=89, z=2176}, status: minecraft:features, currently generating: ResourceKey[minecraft:worldgen/placed_feature / duneons:pillagerpost]
[24Aug2024 00:30:43.835] [Worker-Main-1/ERROR] [net.minecraft.Util/]: Detected setBlock in a far chunk [11, 136], pos: BlockPos{x=191, y=89, z=2177}, status: minecraft:features, currently generating: ResourceKey[minecraft:worldgen/placed_feature / duneons:pillagerpost]
[24Aug2024 00:30:43.835] [Worker-Main-1/ERROR] [net.minecraft.Util/]: Detected setBlock in a far chunk [11, 136], pos: BlockPos{x=191, y=89, z=2181}, status: minecraft:features, currently generating: ResourceKey[minecraft:worldgen/placed_feature / duneons:pillagerpost]
[24Aug2024 00:30:43.835] [Worker-Main-1/ERROR] [net.minecraft.Util/]: Detected setBlock in a far chunk [11, 136], pos: BlockPos{x=191, y=89, z=2182}, status: minecraft:features, currently generating: ResourceKey[minecraft:worldgen/placed_feature / duneons:pillagerpost]
[24Aug2024 00:30:43.835] [Worker-Main-1/ERROR] [net.minecraft.Util/]: Detected setBlock in a far chunk [11, 136], pos: BlockPos{x=191, y=89, z=2183}, status: minecraft:features, currently generating: ResourceKey[minecraft:worldgen/placed_feature / duneons:pillagerpost]
[24Aug2024 00:30:43.835] [Worker-Main-1/ERROR] [net.minecraft.Util/]: Detected setBlock in a far chunk [11, 136], pos: BlockPos{x=191, y=89, z=2184}, status: minecraft:features, currently generating: ResourceKey[minecraft:worldgen/placed_feature / duneons:pillagerpost]
[24Aug2024 00:30:43.835] [Worker-Main-1/ERROR] [net.minecraft.Util/]: Detected setBlock in a far chunk [11, 136], pos: BlockPos{x=191, y=89, z=2185}, status: minecraft:features, currently generating: ResourceKey[minecraft:worldgen/placed_feature / duneons:pillagerpost]
[24Aug2024 00:30:43.835] [Worker-Main-1/ERROR] [net.minecraft.Util/]: Detected setBlock in a far chunk [11, 136], pos: BlockPos{x=191, y=89, z=2186}, status: minecraft:features, currently generating: ResourceKey[minecraft:worldgen/placed_feature / duneons:pillagerpost]
[24Aug2024 00:30:43.835] [Worker-Main-1/ERROR] [net.minecraft.Util/]: Detected setBlock in a far chunk [11, 136], pos: BlockPos{x=191, y=89, z=2187}, status: minecraft:features, currently generating: ResourceKey[minecraft:worldgen/placed_feature / duneons:pillagerpost]
[24Aug2024 00:30:43.835] [Worker-Main-1/ERROR] [net.minecraft.Util/]: Detected setBlock in a far chunk [11, 135], pos: BlockPos{x=191, y=90, z=2166}, status: minecraft:features, currently generating: ResourceKey[minecraft:worldgen/placed_feature / duneons:pillagerpost]
[24Aug2024 00:30:43.835] [Worker-Main-1/ERROR] [net.minecraft.Util/]: Detected setBlock in a far chunk [11, 135], pos: BlockPos{x=191, y=90, z=2167}, status: minecraft:features, currently generating: ResourceKey[minecraft:worldgen/placed_feature / duneons:pillagerpost]
[24Aug2024 00:30:43.836] [Worker-Main-1/ERROR] [net.minecraft.Util/]: Detected setBlock in a far chunk [11, 135], pos: BlockPos{x=191, y=90, z=2168}, status: minecraft:features, currently generating: ResourceKey[minecraft:worldgen/placed_feature / duneons:pillagerpost]
[24Aug2024 00:30:43.836] [Worker-Main-1/ERROR] [net.minecraft.Util/]: Detected setBlock in a far chunk [11, 135], pos: BlockPos{x=191, y=90, z=2169}, status: minecraft:features, currently generating: ResourceKey[minecraft:worldgen/placed_feature / duneons:pillagerpost]
[24Aug2024 00:30:43.836] [Worker-Main-1/ERROR] [net.minecraft.Util/]: Detected setBlock in a far chunk [11, 135], pos: BlockPos{x=191, y=90, z=2170}, status: minecraft:features, currently generating: ResourceKey[minecraft:worldgen/placed_feature / duneons:pillagerpost]
[24Aug2024 00:30:43.836] [Worker-Main-1/ERROR] [net.minecraft.Util/]: Detected setBlock in a far chunk [11, 135], pos: BlockPos{x=191, y=90, z=2171}, status: minecraft:features, currently generating: ResourceKey[minecraft:worldgen/placed_feature / duneons:pillagerpost]
[24Aug2024 00:30:43.837] [Worker-Main-1/ERROR] [net.minecraft.Util/]: Detected setBlock in a far chunk [11, 135], pos: BlockPos{x=191, y=90, z=2172}, status: minecraft:features, currently generating: ResourceKey[minecraft:worldgen/placed_feature / duneons:pillagerpost]
[24Aug2024 00:30:43.837] [Worker-Main-1/ERROR] [net.minecraft.Util/]: Detected setBlock in a far chunk [11, 135], pos: BlockPos{x=191, y=90, z=2173}, status: minecraft:features, currently generating: ResourceKey[minecraft:worldgen/placed_feature / duneons:pillagerpost]
[24Aug2024 00:30:43.837] [Worker-Main-1/ERROR] [net.minecraft.Util/]: Detected setBlock in a far chunk [11, 135], pos: BlockPos{x=191, y=90, z=2174}, status: minecraft:features, currently generating: ResourceKey[minecraft:worldgen/placed_feature / duneons:pillagerpost]
[24Aug2024 00:30:43.837] [Worker-Main-1/ERROR] [net.minecraft.Util/]: Detected setBlock in a far chunk [11, 135], pos: BlockPos{x=191, y=90, z=2175}, status: minecraft:features, currently generating: ResourceKey[minecraft:worldgen/placed_feature / duneons:pillagerpost]
[24Aug2024 00:30:43.837] [Worker-Main-1/ERROR] [net.minecraft.Util/]: Detected setBlock in a far chunk [11, 136], pos: BlockPos{x=191, y=90, z=2176}, status: minecraft:features, currently generating: ResourceKey[minecraft:worldgen/placed_feature / duneons:pillagerpost]
[24Aug2024 00:30:43.837] [Worker-Main-1/ERROR] [net.minecraft.Util/]: Detected setBlock in a far chunk [11, 136], pos: BlockPos{x=191, y=90, z=2178}, status: minecraft:features, currently generating: ResourceKey[minecraft:worldgen/placed_feature / duneons:pillagerpost]
[24Aug2024 00:30:43.838] [Worker-Main-1/ERROR] [net.minecraft.Util/]: Detected setBlock in a far chunk [11, 136], pos: BlockPos{x=191, y=90, z=2179}, status: minecraft:features, currently generating: ResourceKey[minecraft:worldgen/placed_feature / duneons:pillagerpost]
[24Aug2024 00:30:43.838] [Worker-Main-1/ERROR] [net.minecraft.Util/]: Detected setBlock in a far chunk [11, 136], pos: BlockPos{x=191, y=90, z=2180}, status: minecraft:features, currently generating: ResourceKey[minecraft:worldgen/placed_feature / duneons:pillagerpost]
[24Aug2024 00:30:43.838] [Worker-Main-1/ERROR] [net.minecraft.Util/]: Detected setBlock in a far chunk [11, 136], pos: BlockPos{x=191, y=90, z=2182}, status: minecraft:features, currently generating: ResourceKey[minecraft:worldgen/placed_feature / duneons:pillagerpost]
[24Aug2024 00:30:43.838] [Worker-Main-1/ERROR] [net.minecraft.Util/]: Detected setBlock in a far chunk [11, 136], pos: BlockPos{x=191, y=90, z=2183}, status: minecraft:features, currently generating: ResourceKey[minecraft:worldgen/placed_feature / duneons:pillagerpost]
[24Aug2024 00:30:43.838] [Worker-Main-1/ERROR] [net.minecraft.Util/]: Detected setBlock in a far chunk [11, 136], pos: BlockPos{x=191, y=90, z=2184}, status: minecraft:features, currently generating: ResourceKey[minecraft:worldgen/placed_feature / duneons:pillagerpost]
[24Aug2024 00:30:43.838] [Worker-Main-1/ERROR] [net.minecraft.Util/]: Detected setBlock in a far chunk [11, 136], pos: BlockPos{x=191, y=90, z=2185}, status: minecraft:features, currently generating: ResourceKey[minecraft:worldgen/placed_feature / duneons:pillagerpost]
[24Aug2024 00:30:43.838] [Worker-Main-1/ERROR] [net.minecraft.Util/]: Detected setBlock in a far chunk [11, 136], pos: BlockPos{x=191, y=90, z=2186}, status: minecraft:features, currently generating: ResourceKey[minecraft:worldgen/placed_feature / duneons:pillagerpost]
[24Aug2024 00:30:43.838] [Worker-Main-1/ERROR] [net.minecraft.Util/]: Detected setBlock in a far chunk [11, 136], pos: BlockPos{x=191, y=90, z=2187}, status: minecraft:features, currently generating: ResourceKey[minecraft:worldgen/placed_feature / duneons:pillagerpost]
[24Aug2024 00:30:43.841] [Worker-Main-1/WARN] [net.minecraft.world.entity.EntityType/]: Skipping Entity with id duneons:weathervanespin
[24Aug2024 00:30:43.843] [Worker-Main-1/WARN] [net.minecraft.world.entity.EntityType/]: Skipping Entity with id duneons:weathervanespin
[24Aug2024 00:30:43.843] [Worker-Main-1/WARN] [net.minecraft.world.entity.EntityType/]: Skipping Entity with id duneons:weathervanespin
[24Aug2024 00:32:27.719] [Server thread/INFO] [net.minecraft.server.MinecraftServer/]: [B3njaxx_11: Teleported EL_banano003 to B3njaxx_11]
[24Aug2024 00:32:28.596] [Server thread/INFO] [net.minecraft.server.MinecraftServer/]: EL_banano003 has made the advancement [Airship Village]
[24Aug2024 00:32:38.756] [Server thread/INFO] [net.minecraft.server.MinecraftServer/]: [B3njaxx_11: Teleported EL_banano003 to B3njaxx_11]
[24Aug2024 00:32:39.106] [Server thread/INFO] [net.minecraft.server.MinecraftServer/]: EL_banano003 was doomed to fall by B3njaxx_11
[24Aug2024 00:32:48.168] [Server thread/INFO] [net.minecraft.server.MinecraftServer/]: [B3njaxx_11: Teleported EL_banano003 to B3njaxx_11]
[24Aug2024 00:32:53.811] [Server thread/WARN] [net.minecraft.server.network.ServerGamePacketListenerImpl/]: EL_banano003 moved too quickly! -0.14804195329043068,-12.924399078630529,-1.1293126023915647
[24Aug2024 00:32:55.847] [Server thread/INFO] [net.minecraft.server.MinecraftServer/]: EL_banano003 was doomed to fall by B3njaxx_11
[24Aug2024 00:32:56.610] [Server thread/INFO] [net.minecraft.server.MinecraftServer/]: [B3njaxx_11: Teleported EL_banano003 to B3njaxx_11]
[24Aug2024 00:32:59.716] [Server thread/INFO] [net.minecraft.server.MinecraftServer/]: [B3njaxx_11: Teleported EL_banano003 to B3njaxx_11]
[24Aug2024 00:33:05.150] [Server thread/INFO] [net.minecraft.server.MinecraftServer/]: [B3njaxx_11: Teleported EL_banano003 to B3njaxx_11]
[24Aug2024 00:33:10.648] [Server thread/INFO] [net.minecraft.server.network.ServerGamePacketListenerImpl/]: B3njaxx_11 lost connection: Disconnected
[24Aug2024 00:33:10.648] [Server thread/INFO] [net.minecraft.server.MinecraftServer/]: B3njaxx_11 left the game
[24Aug2024 00:33:47.840] [Server thread/INFO] [net.minecraft.world.entity.LivingEntity/]: Named entity GhostPlayerEntity['EL_banano003'/34650, l='ServerLevel[world]', x=303.30, y=156.00, z=2226.70] died: EL_banano003 was shot by Guard
[24Aug2024 00:35:19.492] [Server thread/WARN] [net.minecraft.world.level.chunk.LevelChunk/]: Tried to load a DUMMY block entity @ BlockPos{x=348, y=164, z=2110} but found not block entity block Block{minecraft:air} at location
[24Aug2024 00:35:19.492] [Server thread/WARN] [net.minecraft.world.level.chunk.LevelChunk/]: Tried to load a block entity for block Block{minecraft:air} but failed at location BlockPos{x=348, y=164, z=2110}
[24Aug2024 00:35:19.797] [Server thread/WARN] [net.minecraft.world.level.chunk.LevelChunk/]: Tried to load a DUMMY block entity @ BlockPos{x=373, y=164, z=2110} but found not block entity block Block{minecraft:air} at location
[24Aug2024 00:35:19.797] [Server thread/WARN] [net.minecraft.world.level.chunk.LevelChunk/]: Tried to load a block entity for block Block{minecraft:air} but failed at location BlockPos{x=373, y=164, z=2110}
[24Aug2024 00:35:20.475] [Worker-Main-1/WARN] [net.minecraft.world.entity.EntityType/]: Skipping Entity with id duneons:captainmountaineer
[24Aug2024 00:35:20.476] [Worker-Main-1/WARN] [net.minecraft.world.entity.EntityType/]: Skipping Entity with id duneons:mountaineeriron
[24Aug2024 00:36:47.494] [Server thread/INFO] [net.minecraft.server.MinecraftServer/]: [EL_banano003: Disabled "magnet" mode for EL_banano003]
[24Aug2024 00:39:32.668] [Worker-Main-3/WARN] [net.minecraft.world.entity.EntityType/]: Skipping Entity with id duneons:captainmountaineer
[24Aug2024 00:39:32.669] [Worker-Main-3/WARN] [net.minecraft.world.entity.EntityType/]: Skipping Entity with id duneons:mountaineeriron
[24Aug2024 00:39:34.937] [Server thread/INFO] [net.minecraft.world.entity.npc.Villager/]: Villager Villager['Villager'/33655, l='ServerLevel[world]', x=362.71, y=69.00, z=2245.47] died, message: 'Villager hit the ground too hard'
[24Aug2024 00:40:31.294] [Server thread/INFO] [net.minecraft.server.MinecraftServer/]: EL_banano003 has completed the challenge [Centennial]
[24Aug2024 00:50:58.252] [Server thread/INFO] [net.minecraft.world.entity.npc.Villager/]: Villager Villager['Shepherd'/33491, l='ServerLevel[world]', x=313.57, y=161.00, z=2233.61] died, message: 'Shepherd was squashed by a falling anvil'
[24Aug2024 00:51:03.749] [Server thread/INFO] [net.minecraft.world.entity.npc.Villager/]: Villager Villager['Librarian'/33682, l='ServerLevel[world]', x=309.50, y=159.26, z=2234.50] died, message: 'Librarian was squashed by a falling anvil'
[24Aug2024 00:51:06.240] [Server thread/INFO] [net.minecraft.world.entity.npc.Villager/]: Villager Villager['Librarian'/33707, l='ServerLevel[world]', x=307.50, y=159.26, z=2238.50] died, message: 'Librarian was squashed by a falling anvil'
[24Aug2024 00:51:51.989] [Server thread/INFO] [net.minecraft.server.MinecraftServer/]: EL_banano003 died
